info it worked if it ends with ok
verbose cli [ 'node', '/usr/bin/npm', 'install' ]
info using npm@1.1.4
info using node@v0.6.12
verbose config file /home/vagrant/.npmrc
verbose config file /usr/etc/npmrc
verbose config file /usr/share/npm/npmrc
verbose caching /home/vagrant/Queues/package.json
verbose loadDefaults queue@0.0.0
verbose readDependencies: using package.json deps
verbose where, deps [ '/home/vagrant/Queues', [ 'express', 'multer', 'redis' ] ]
verbose from cache /home/vagrant/Queues/package.json
info preinstall queue@0.0.0
verbose from cache /home/vagrant/Queues/package.json
verbose readDependencies: using package.json deps
verbose cache add [ 'express@^4.12.3', null ]
silly cache add: name, spec, args [ undefined, 'express@^4.12.3', [ 'express@^4.12.3', null ] ]
verbose parsed url { pathname: 'express@^4.12.3',
verbose parsed url   path: 'express@^4.12.3',
verbose parsed url   href: 'express@^4.12.3' }
silly cache add: name, spec, args [ 'express', '^4.12.3', [ 'express', '^4.12.3' ] ]
verbose parsed url { pathname: '^4.12.3', path: '^4.12.3', href: '^4.12.3' }
verbose addNamed [ 'express', '^4.12.3' ]
verbose addNamed [ null, null ]
info addNameTag [ 'express', '^4.12.3' ]
verbose cache add [ 'multer@^0.1.8', null ]
silly cache add: name, spec, args [ undefined, 'multer@^0.1.8', [ 'multer@^0.1.8', null ] ]
verbose parsed url { pathname: 'multer@^0.1.8',
verbose parsed url   path: 'multer@^0.1.8',
verbose parsed url   href: 'multer@^0.1.8' }
silly cache add: name, spec, args [ 'multer', '^0.1.8', [ 'multer', '^0.1.8' ] ]
verbose parsed url { pathname: '^0.1.8', path: '^0.1.8', href: '^0.1.8' }
verbose addNamed [ 'multer', '^0.1.8' ]
verbose addNamed [ null, null ]
info addNameTag [ 'multer', '^0.1.8' ]
verbose cache add [ 'redis@^0.12.1', null ]
silly cache add: name, spec, args [ undefined, 'redis@^0.12.1', [ 'redis@^0.12.1', null ] ]
verbose parsed url { pathname: 'redis@^0.12.1',
verbose parsed url   path: 'redis@^0.12.1',
verbose parsed url   href: 'redis@^0.12.1' }
silly cache add: name, spec, args [ 'redis', '^0.12.1', [ 'redis', '^0.12.1' ] ]
verbose parsed url { pathname: '^0.12.1', path: '^0.12.1', href: '^0.12.1' }
verbose addNamed [ 'redis', '^0.12.1' ]
verbose addNamed [ null, null ]
info addNameTag [ 'redis', '^0.12.1' ]
verbose raw, before any munging redis
verbose url resolving [ 'http://registry.npmjs.org/', './redis' ]
verbose url resolved http://registry.npmjs.org/redis
http GET http://registry.npmjs.org/redis
verbose raw, before any munging multer
verbose url resolving [ 'http://registry.npmjs.org/', './multer' ]
verbose url resolved http://registry.npmjs.org/multer
verbose etag "A95ZL65JIEJIJXKF252NLRDTP"
http GET http://registry.npmjs.org/multer
verbose raw, before any munging express
verbose url resolving [ 'http://registry.npmjs.org/', './express' ]
verbose url resolved http://registry.npmjs.org/express
verbose etag "2SRIVNNDM4TG0M05JTW9O6718"
http GET http://registry.npmjs.org/express
http 304 http://registry.npmjs.org/multer
silly get cb [ 304,
silly get cb   { date: 'Sat, 21 Mar 2015 01:11:33 GMT',
silly get cb     via: '1.1 varnish',
silly get cb     'last-modified': 'Sat, 21 Mar 2015 01:11:33 GMT',
silly get cb     'cache-control': 'max-age=60',
silly get cb     etag: '"A95ZL65JIEJIJXKF252NLRDTP"',
silly get cb     age: '0',
silly get cb     connection: 'keep-alive',
silly get cb     'x-served-by': 'cache-iad2129-IAD',
silly get cb     'x-cache': 'HIT',
silly get cb     'x-cache-hits': '1',
silly get cb     'x-timer': 'S1426900293.589287,VS0,VE12',
silly get cb     vary: 'Accept' } ]
verbose etag multer from cache
http 304 http://registry.npmjs.org/express
silly get cb [ 304,
silly get cb   { date: 'Sat, 21 Mar 2015 01:11:33 GMT',
silly get cb     via: '1.1 varnish',
silly get cb     'last-modified': 'Sat, 21 Mar 2015 01:11:33 GMT',
silly get cb     'cache-control': 'max-age=60',
silly get cb     etag: '"2SRIVNNDM4TG0M05JTW9O6718"',
silly get cb     age: '30',
silly get cb     connection: 'keep-alive',
silly get cb     'x-served-by': 'cache-atl6234-ATL',
silly get cb     'x-cache': 'HIT',
silly get cb     'x-cache-hits': '1',
silly get cb     'x-timer': 'S1426900293.590649,VS0,VE10',
silly get cb     vary: 'Accept' } ]
verbose etag express from cache
ERR! Error: No compatible version found: multer@'^0.1.8'
ERR! Valid install targets:
ERR! ["0.0.1","0.0.2","0.0.3","0.0.4","0.0.5","0.0.6","0.0.7","0.1.0","0.1.1","0.1.2","0.1.3","0.1.4"]
ERR!     at installTargetsError (/usr/share/npm/lib/cache.js:488:10)
ERR!     at /usr/share/npm/lib/cache.js:375:15
ERR!     at saved (/usr/share/npm/lib/utils/npm-registry-client/get.js:147:7)
ERR!     at Object.oncomplete (/usr/lib/nodejs/graceful-fs.js:230:7)
ERR! You may report this log at:
ERR!     <http://bugs.debian.org/npm>
ERR! or use
ERR!     reportbug --attach /home/vagrant/Queues/npm-debug.log npm
ERR! 
ERR! System Linux 3.2.0-23-generic
ERR! command "node" "/usr/bin/npm" "install"
ERR! cwd /home/vagrant/Queues
ERR! node -v v0.6.12
ERR! npm -v 1.1.4
ERR! message No compatible version found: multer@'^0.1.8'
ERR! message Valid install targets:
ERR! message ["0.0.1","0.0.2","0.0.3","0.0.4","0.0.5","0.0.6","0.0.7","0.1.0","0.1.1","0.1.2","0.1.3","0.1.4"]
verbose exit [ 1, true ]
